

Microchip Technology PIC LITE Macro Assembler V1.31 build 56723 
                                                                                               Wed Jun 11 23:37:14 2014

Microchip Technology Omniscient Code Generator (Lite mode) build 56723
     1                           	processor	16F690
     2                           	opt	pw 120
     3                           	opt	lm
     4                           	psect	strings,global,class=STRING,delta=2
     5                           	psect	cinit,global,class=CODE,merge=1,delta=2
     6                           	psect	bssCOMMON,global,class=COMMON,space=1,delta=1
     7                           	psect	cstackCOMMON,global,class=COMMON,space=1,delta=1
     8                           	psect	cstackBANK0,global,class=BANK0,space=1,delta=1
     9                           	psect	maintext,global,class=CODE,split=1,delta=2
    10                           	psect	text1,local,class=CODE,merge=1,delta=2
    11                           	psect	text2,local,class=CODE,merge=1,delta=2
    12                           	psect	text3,local,class=CODE,merge=1,delta=2
    13                           	psect	text4,local,class=CODE,merge=1,delta=2
    14                           	psect	text5,local,class=CODE,merge=1,delta=2
    15                           	psect	text6,local,class=CODE,merge=1,delta=2
    16                           	psect	text7,local,class=CODE,merge=1,delta=2
    17                           	psect	intentry,global,class=CODE,delta=2
    18                           	psect	text8,local,class=CODE,merge=1,delta=2
    19                           	psect	text9,local,class=CODE,merge=1,delta=2
    20                           	dabs	1,0x7E,2
    21  0000                     	;# 
    22  0001                     	;# 
    23  0002                     	;# 
    24  0003                     	;# 
    25  0004                     	;# 
    26  0005                     	;# 
    27  0006                     	;# 
    28  0007                     	;# 
    29  000A                     	;# 
    30  000B                     	;# 
    31  000C                     	;# 
    32  000D                     	;# 
    33  000E                     	;# 
    34  000E                     	;# 
    35  000F                     	;# 
    36  0010                     	;# 
    37  0011                     	;# 
    38  0012                     	;# 
    39  0013                     	;# 
    40  0014                     	;# 
    41  0015                     	;# 
    42  0015                     	;# 
    43  0016                     	;# 
    44  0017                     	;# 
    45  0018                     	;# 
    46  0019                     	;# 
    47  001A                     	;# 
    48  001C                     	;# 
    49  001D                     	;# 
    50  001E                     	;# 
    51  001F                     	;# 
    52  0081                     	;# 
    53  0085                     	;# 
    54  0086                     	;# 
    55  0087                     	;# 
    56  008C                     	;# 
    57  008D                     	;# 
    58  008E                     	;# 
    59  008F                     	;# 
    60  0090                     	;# 
    61  0092                     	;# 
    62  0093                     	;# 
    63  0093                     	;# 
    64  0093                     	;# 
    65  0094                     	;# 
    66  0095                     	;# 
    67  0095                     	;# 
    68  0096                     	;# 
    69  0096                     	;# 
    70  0097                     	;# 
    71  0098                     	;# 
    72  0099                     	;# 
    73  009A                     	;# 
    74  009B                     	;# 
    75  009E                     	;# 
    76  009F                     	;# 
    77  010C                     	;# 
    78  010C                     	;# 
    79  010D                     	;# 
    80  010E                     	;# 
    81  010F                     	;# 
    82  0115                     	;# 
    83  0116                     	;# 
    84  0118                     	;# 
    85  0119                     	;# 
    86  011A                     	;# 
    87  011B                     	;# 
    88  011E                     	;# 
    89  011F                     	;# 
    90  018C                     	;# 
    91  018D                     	;# 
    92  019D                     	;# 
    93  019E                     	;# 
    94  0000                     	;# 
    95  0001                     	;# 
    96  0002                     	;# 
    97  0003                     	;# 
    98  0004                     	;# 
    99  0005                     	;# 
   100  0006                     	;# 
   101  0007                     	;# 
   102  000A                     	;# 
   103  000B                     	;# 
   104  000C                     	;# 
   105  000D                     	;# 
   106  000E                     	;# 
   107  000E                     	;# 
   108  000F                     	;# 
   109  0010                     	;# 
   110  0011                     	;# 
   111  0012                     	;# 
   112  0013                     	;# 
   113  0014                     	;# 
   114  0015                     	;# 
   115  0015                     	;# 
   116  0016                     	;# 
   117  0017                     	;# 
   118  0018                     	;# 
   119  0019                     	;# 
   120  001A                     	;# 
   121  001C                     	;# 
   122  001D                     	;# 
   123  001E                     	;# 
   124  001F                     	;# 
   125  0081                     	;# 
   126  0085                     	;# 
   127  0086                     	;# 
   128  0087                     	;# 
   129  008C                     	;# 
   130  008D                     	;# 
   131  008E                     	;# 
   132  008F                     	;# 
   133  0090                     	;# 
   134  0092                     	;# 
   135  0093                     	;# 
   136  0093                     	;# 
   137  0093                     	;# 
   138  0094                     	;# 
   139  0095                     	;# 
   140  0095                     	;# 
   141  0096                     	;# 
   142  0096                     	;# 
   143  0097                     	;# 
   144  0098                     	;# 
   145  0099                     	;# 
   146  009A                     	;# 
   147  009B                     	;# 
   148  009E                     	;# 
   149  009F                     	;# 
   150  010C                     	;# 
   151  010C                     	;# 
   152  010D                     	;# 
   153  010E                     	;# 
   154  010F                     	;# 
   155  0115                     	;# 
   156  0116                     	;# 
   157  0118                     	;# 
   158  0119                     	;# 
   159  011A                     	;# 
   160  011B                     	;# 
   161  011E                     	;# 
   162  011F                     	;# 
   163  018C                     	;# 
   164  018D                     	;# 
   165  019D                     	;# 
   166  019E                     	;# 
   167  0000                     	;# 
   168  0001                     	;# 
   169  0002                     	;# 
   170  0003                     	;# 
   171  0004                     	;# 
   172  0005                     	;# 
   173  0006                     	;# 
   174  0007                     	;# 
   175  000A                     	;# 
   176  000B                     	;# 
   177  000C                     	;# 
   178  000D                     	;# 
   179  000E                     	;# 
   180  000E                     	;# 
   181  000F                     	;# 
   182  0010                     	;# 
   183  0011                     	;# 
   184  0012                     	;# 
   185  0013                     	;# 
   186  0014                     	;# 
   187  0015                     	;# 
   188  0015                     	;# 
   189  0016                     	;# 
   190  0017                     	;# 
   191  0018                     	;# 
   192  0019                     	;# 
   193  001A                     	;# 
   194  001C                     	;# 
   195  001D                     	;# 
   196  001E                     	;# 
   197  001F                     	;# 
   198  0081                     	;# 
   199  0085                     	;# 
   200  0086                     	;# 
   201  0087                     	;# 
   202  008C                     	;# 
   203  008D                     	;# 
   204  008E                     	;# 
   205  008F                     	;# 
   206  0090                     	;# 
   207  0092                     	;# 
   208  0093                     	;# 
   209  0093                     	;# 
   210  0093                     	;# 
   211  0094                     	;# 
   212  0095                     	;# 
   213  0095                     	;# 
   214  0096                     	;# 
   215  0096                     	;# 
   216  0097                     	;# 
   217  0098                     	;# 
   218  0099                     	;# 
   219  009A                     	;# 
   220  009B                     	;# 
   221  009E                     	;# 
   222  009F                     	;# 
   223  010C                     	;# 
   224  010C                     	;# 
   225  010D                     	;# 
   226  010E                     	;# 
   227  010F                     	;# 
   228  0115                     	;# 
   229  0116                     	;# 
   230  0118                     	;# 
   231  0119                     	;# 
   232  011A                     	;# 
   233  011B                     	;# 
   234  011E                     	;# 
   235  011F                     	;# 
   236  018C                     	;# 
   237  018D                     	;# 
   238  019D                     	;# 
   239  019E                     	;# 
   240  0000                     	;# 
   241  0001                     	;# 
   242  0002                     	;# 
   243  0003                     	;# 
   244  0004                     	;# 
   245  0005                     	;# 
   246  0006                     	;# 
   247  0007                     	;# 
   248  000A                     	;# 
   249  000B                     	;# 
   250  000C                     	;# 
   251  000D                     	;# 
   252  000E                     	;# 
   253  000E                     	;# 
   254  000F                     	;# 
   255  0010                     	;# 
   256  0011                     	;# 
   257  0012                     	;# 
   258  0013                     	;# 
   259  0014                     	;# 
   260  0015                     	;# 
   261  0015                     	;# 
   262  0016                     	;# 
   263  0017                     	;# 
   264  0018                     	;# 
   265  0019                     	;# 
   266  001A                     	;# 
   267  001C                     	;# 
   268  001D                     	;# 
   269  001E                     	;# 
   270  001F                     	;# 
   271  0081                     	;# 
   272  0085                     	;# 
   273  0086                     	;# 
   274  0087                     	;# 
   275  008C                     	;# 
   276  008D                     	;# 
   277  008E                     	;# 
   278  008F                     	;# 
   279  0090                     	;# 
   280  0092                     	;# 
   281  0093                     	;# 
   282  0093                     	;# 
   283  0093                     	;# 
   284  0094                     	;# 
   285  0095                     	;# 
   286  0095                     	;# 
   287  0096                     	;# 
   288  0096                     	;# 
   289  0097                     	;# 
   290  0098                     	;# 
   291  0099                     	;# 
   292  009A                     	;# 
   293  009B                     	;# 
   294  009E                     	;# 
   295  009F                     	;# 
   296  010C                     	;# 
   297  010C                     	;# 
   298  010D                     	;# 
   299  010E                     	;# 
   300  010F                     	;# 
   301  0115                     	;# 
   302  0116                     	;# 
   303  0118                     	;# 
   304  0119                     	;# 
   305  011A                     	;# 
   306  011B                     	;# 
   307  011E                     	;# 
   308  011F                     	;# 
   309  018C                     	;# 
   310  018D                     	;# 
   311  019D                     	;# 
   312  019E                     	;# 
   313  0000                     	;# 
   314  0001                     	;# 
   315  0002                     	;# 
   316  0003                     	;# 
   317  0004                     	;# 
   318  0005                     	;# 
   319  0006                     	;# 
   320  0007                     	;# 
   321  000A                     	;# 
   322  000B                     	;# 
   323  000C                     	;# 
   324  000D                     	;# 
   325  000E                     	;# 
   326  000E                     	;# 
   327  000F                     	;# 
   328  0010                     	;# 
   329  0011                     	;# 
   330  0012                     	;# 
   331  0013                     	;# 
   332  0014                     	;# 
   333  0015                     	;# 
   334  0015                     	;# 
   335  0016                     	;# 
   336  0017                     	;# 
   337  0018                     	;# 
   338  0019                     	;# 
   339  001A                     	;# 
   340  001C                     	;# 
   341  001D                     	;# 
   342  001E                     	;# 
   343  001F                     	;# 
   344  0081                     	;# 
   345  0085                     	;# 
   346  0086                     	;# 
   347  0087                     	;# 
   348  008C                     	;# 
   349  008D                     	;# 
   350  008E                     	;# 
   351  008F                     	;# 
   352  0090                     	;# 
   353  0092                     	;# 
   354  0093                     	;# 
   355  0093                     	;# 
   356  0093                     	;# 
   357  0094                     	;# 
   358  0095                     	;# 
   359  0095                     	;# 
   360  0096                     	;# 
   361  0096                     	;# 
   362  0097                     	;# 
   363  0098                     	;# 
   364  0099                     	;# 
   365  009A                     	;# 
   366  009B                     	;# 
   367  009E                     	;# 
   368  009F                     	;# 
   369  010C                     	;# 
   370  010C                     	;# 
   371  010D                     	;# 
   372  010E                     	;# 
   373  010F                     	;# 
   374  0115                     	;# 
   375  0116                     	;# 
   376  0118                     	;# 
   377  0119                     	;# 
   378  011A                     	;# 
   379  011B                     	;# 
   380  011E                     	;# 
   381  011F                     	;# 
   382  018C                     	;# 
   383  018D                     	;# 
   384  019D                     	;# 
   385  019E                     	;# 
   386  0000                     	;# 
   387  0001                     	;# 
   388  0002                     	;# 
   389  0003                     	;# 
   390  0004                     	;# 
   391  0005                     	;# 
   392  0006                     	;# 
   393  0007                     	;# 
   394  000A                     	;# 
   395  000B                     	;# 
   396  000C                     	;# 
   397  000D                     	;# 
   398  000E                     	;# 
   399  000E                     	;# 
   400  000F                     	;# 
   401  0010                     	;# 
   402  0011                     	;# 
   403  0012                     	;# 
   404  0013                     	;# 
   405  0014                     	;# 
   406  0015                     	;# 
   407  0015                     	;# 
   408  0016                     	;# 
   409  0017                     	;# 
   410  0018                     	;# 
   411  0019                     	;# 
   412  001A                     	;# 
   413  001C                     	;# 
   414  001D                     	;# 
   415  001E                     	;# 
   416  001F                     	;# 
   417  0081                     	;# 
   418  0085                     	;# 
   419  0086                     	;# 
   420  0087                     	;# 
   421  008C                     	;# 
   422  008D                     	;# 
   423  008E                     	;# 
   424  008F                     	;# 
   425  0090                     	;# 
   426  0092                     	;# 
   427  0093                     	;# 
   428  0093                     	;# 
   429  0093                     	;# 
   430  0094                     	;# 
   431  0095                     	;# 
   432  0095                     	;# 
   433  0096                     	;# 
   434  0096                     	;# 
   435  0097                     	;# 
   436  0098                     	;# 
   437  0099                     	;# 
   438  009A                     	;# 
   439  009B                     	;# 
   440  009E                     	;# 
   441  009F                     	;# 
   442  010C                     	;# 
   443  010C                     	;# 
   444  010D                     	;# 
   445  010E                     	;# 
   446  010F                     	;# 
   447  0115                     	;# 
   448  0116                     	;# 
   449  0118                     	;# 
   450  0119                     	;# 
   451  011A                     	;# 
   452  011B                     	;# 
   453  011E                     	;# 
   454  011F                     	;# 
   455  018C                     	;# 
   456  018D                     	;# 
   457  019D                     	;# 
   458  019E                     	;# 
   459                           
   460                           	psect	strings
   461  0018                     __pstrings:	
   462  0018                     stringtab:	
   463  0018                     __stringtab:	
   464  0018                     stringcode:	
   465                           ;	String table - string pointers are 1 byte each
   466                           
   467  0018                     stringdir:	
   468  0018  3000               	movlw	high stringdir
   469  0019  008A               	movwf	10
   470  001A  0804               	movf	4,w
   471  001B  0A84               	incf	4,f
   472  001C  0782               	addwf	2,f
   473  001D                     __stringbase:	
   474  001D  3400               	retlw	0
   475  001E                     __end_of__stringtab:	
   476  001E                     exp@coeff:	
   477  001E  3400               	retlw	0
   478  001F  3480               	retlw	128
   479  0020  343F               	retlw	63
   480  0021  3472               	retlw	114
   481  0022  3431               	retlw	49
   482  0023  343F               	retlw	63
   483  0024  34FE               	retlw	254
   484  0025  3475               	retlw	117
   485  0026  343E               	retlw	62
   486  0027  3458               	retlw	88
   487  0028  3463               	retlw	99
   488  0029  343D               	retlw	61
   489  002A  3495               	retlw	149
   490  002B  341D               	retlw	29
   491  002C  343C               	retlw	60
   492  002D  34C5               	retlw	197
   493  002E  34AE               	retlw	174
   494  002F  343A               	retlw	58
   495  0030  3479               	retlw	121
   496  0031  3421               	retlw	33
   497  0032  3439               	retlw	57
   498  0033  3494               	retlw	148
   499  0034  3480               	retlw	128
   500  0035  3437               	retlw	55
   501  0036  3493               	retlw	147
   502  0037  34A7               	retlw	167
   503  0038  3435               	retlw	53
   504  0039  3456               	retlw	86
   505  003A  3415               	retlw	21
   506  003B  3434               	retlw	52
   507  003C                     __end_ofexp@coeff:	
   508  003C                     log@coeff:	
   509  003C  3400               	retlw	0
   510  003D  3400               	retlw	0
   511  003E  3400               	retlw	0
   512  003F  3400               	retlw	0
   513  0040  3480               	retlw	128
   514  0041  343F               	retlw	63
   515  0042  34F0               	retlw	240
   516  0043  34FF               	retlw	255
   517  0044  34BE               	retlw	190
   518  0045  34E2               	retlw	226
   519  0046  34A9               	retlw	169
   520  0047  343E               	retlw	62
   521  0048  3483               	retlw	131
   522  0049  3476               	retlw	118
   523  004A  34BE               	retlw	190
   524  004B  34AE               	retlw	174
   525  004C  342B               	retlw	43
   526  004D  343E               	retlw	62
   527  004E  343C               	retlw	60
   528  004F  34C3               	retlw	195
   529  0050  34BD               	retlw	189
   530  0051  34D2               	retlw	210
   531  0052  3413               	retlw	19
   532  0053  343D               	retlw	61
   533  0054  3478               	retlw	120
   534  0055  34D3               	retlw	211
   535  0056  34BB               	retlw	187
   536  0057                     __end_oflog@coeff:	
   537  000B                     _INTCONbits	set	11
   538  000C                     _PIR1bits	set	12
   539  0007                     _PORTC	set	7
   540  001A                     _RCREG	set	26
   541  0018                     _RCSTAbits	set	24
   542  0001                     _TMR0	set	1
   543  0019                     _TXREG	set	25
   544  0065                     _RCIF	set	101
   545  0064                     _TXIF	set	100
   546  009B                     _BAUDCTLbits	set	155
   547  0081                     _OPTION_REGbits	set	129
   548  008F                     _OSCCONbits	set	143
   549  008C                     _PIE1bits	set	140
   550  0099                     _SPBRG	set	153
   551  009A                     _SPBRGH	set	154
   552  0086                     _TRISBbits	set	134
   553  0087                     _TRISC	set	135
   554  0098                     _TXSTAbits	set	152
   555  011E                     _ANSEL	set	286
   556  011F                     _ANSELH	set	287
   557  0057                     __stringdata:	
   558  0057                     STR_1:	
   559  0057  3465               	retlw	101	;'e'
   560  0058  346E               	retlw	110	;'n'
   561  0059  3464               	retlw	100	;'d'
   562  005A  3420               	retlw	32	;' '
   563  005B  346F               	retlw	111	;'o'
   564  005C  3466               	retlw	102	;'f'
   565  005D  3420               	retlw	32	;' '
   566  005E  346C               	retlw	108	;'l'
   567  005F  3469               	retlw	105	;'i'
   568  0060  346E               	retlw	110	;'n'
   569  0061  3465               	retlw	101	;'e'
   570  0062  340A               	retlw	10
   571  0063  3400               	retlw	0
   572  0064                     __end_of__stringdata:	
   573                           
   574                           ; #config settings
   575  0000                     
   576                           	psect	cinit
   577  0013                     start_initialization:	
   578  0013                     __initialization:	
   579                           
   580                           ; Clear objects allocated to COMMON
   581  0013  01F7               	clrf	__pbssCOMMON& (0+127)
   582  0014  01F8               	clrf	(__pbssCOMMON+1)& (0+127)
   583  0015                     end_of_initialization:	
   584                           ;End of C runtime variable initialization code
   585                           
   586  0015                     __end_of__initialization:	
   587  0015  0183               	clrf	3
   588  0016  118A  2864         	ljmp	_main	;jump to C main() function
   589                           
   590                           	psect	bssCOMMON
   591  0077                     __pbssCOMMON:	
   592  0077                     _errno:	
   593  0077                     	ds	2
   594                           
   595                           	psect	cstackCOMMON
   596  0070                     __pcstackCOMMON:	
   597  0070                     ?_uart_putc:	
   598  0070                     ??_uart_getc:	
   599                           ; 0 bytes @ 0x0
   600                           
   601  0070                     ?_ConfigureOscillator:	
   602                           ; 0 bytes @ 0x0
   603                           
   604  0070                     ?_initUart:	
   605                           ; 0 bytes @ 0x0
   606                           
   607  0070                     ?_uart_printf:	
   608                           ; 0 bytes @ 0x0
   609                           
   610  0070                     ?_isr:	
   611                           ; 0 bytes @ 0x0
   612                           
   613  0070                     ?_main:	
   614                           ; 0 bytes @ 0x0
   615                           
   616  0070                     ?i1_uart_putc:	
   617                           ; 0 bytes @ 0x0
   618                           
   619  0070                     ??i1_uart_putc:	
   620                           ; 0 bytes @ 0x0
   621                           
   622  0070                     ?_uart_getc:	
   623                           ; 0 bytes @ 0x0
   624                           
   625  0070                     i1uart_putc@data:	
   626                           ; 1 bytes @ 0x0
   627                           
   628                           
   629                           ; 1 bytes @ 0x0
   630  0070                     	ds	1
   631  0071                     ??_isr:	
   632                           
   633                           ; 0 bytes @ 0x1
   634  0071                     	ds	4
   635  0075                     ??_uart_putc:	
   636  0075                     ??_ConfigureOscillator:	
   637                           ; 0 bytes @ 0x5
   638                           
   639  0075                     ??_initUart:	
   640                           ; 0 bytes @ 0x5
   641                           
   642  0075                     ?_strcpy:	
   643                           ; 0 bytes @ 0x5
   644                           
   645  0075                     ?_strlen:	
   646                           ; 2 bytes @ 0x5
   647                           
   648  0075                     uart_putc@data:	
   649                           ; 2 bytes @ 0x5
   650                           
   651  0075                     strcpy@from:	
   652                           ; 1 bytes @ 0x5
   653                           
   654                           
   655                           ; 1 bytes @ 0x5
   656  0075                     	ds	1
   657  0076                     ??_strcpy:	
   658                           
   659                           ; 0 bytes @ 0x6
   660  0076                     	ds	1
   661                           
   662                           	psect	cstackBANK0
   663  0020                     __pcstackBANK0:	
   664  0020                     ??_strlen:	
   665  0020                     strcpy@to:	
   666                           ; 0 bytes @ 0x0
   667                           
   668                           
   669                           ; 1 bytes @ 0x0
   670  0020                     	ds	1
   671  0021                     strcpy@cp:	
   672                           
   673                           ; 1 bytes @ 0x1
   674  0021                     	ds	3
   675  0024                     strlen@s:	
   676                           
   677                           ; 1 bytes @ 0x4
   678  0024                     	ds	1
   679  0025                     strlen@cp:	
   680                           
   681                           ; 1 bytes @ 0x5
   682  0025                     	ds	1
   683  0026                     ??_uart_printf:	
   684                           
   685                           ; 0 bytes @ 0x6
   686  0026                     	ds	1
   687  0027                     uart_printf@string:	
   688                           
   689                           ; 1 bytes @ 0x7
   690  0027                     	ds	1
   691  0028                     uart_printf@i:	
   692                           
   693                           ; 2 bytes @ 0x8
   694  0028                     	ds	2
   695  002A                     ??_main:	
   696                           
   697                           ; 0 bytes @ 0xA
   698  002A                     	ds	3
   699  002D                     main@j:	
   700                           
   701                           ; 2 bytes @ 0xD
   702  002D                     	ds	2
   703  002F                     main@string:	
   704                           
   705                           ; 1 bytes @ 0xF
   706  002F                     	ds	1
   707                           
   708                           	psect	maintext
   709  0064                     __pmaintext:	
   710 ;;
   711 ;;Main: autosize = 0, tempsize = 3, incstack = 0, save=0
   712 ;;
   713 ;; *************** function _main *****************
   714 ;; Defined at:
   715 ;;		line 29 in file "main.c"
   716 ;; Parameters:    Size  Location     Type
   717 ;;		None
   718 ;; Auto vars:     Size  Location     Type
   719 ;;  j               2   13[BANK0 ] int 
   720 ;;  string          1   15[BANK0 ] PTR unsigned char 
   721 ;; Return value:  Size  Location     Type
   722 ;;		None               void
   723 ;; Registers used:
   724 ;;		wreg, fsr0l, fsr0h, status,2, status,0, pclath, cstack
   725 ;; Tracked objects:
   726 ;;		On entry : 17F/0
   727 ;;		On exit  : 0/0
   728 ;;		Unchanged: 0/0
   729 ;; Data sizes:     COMMON   BANK0   BANK1   BANK2
   730 ;;      Params:         0       0       0       0
   731 ;;      Locals:         0       3       0       0
   732 ;;      Temps:          0       3       0       0
   733 ;;      Totals:         0       6       0       0
   734 ;;Total ram usage:        6 bytes
   735 ;; Hardware stack levels required when called:    4
   736 ;; This function calls:
   737 ;;		_ConfigureOscillator
   738 ;;		_initUart
   739 ;;		_strcpy
   740 ;;		_uart_printf
   741 ;; This function is called by:
   742 ;;		Startup code after reset
   743 ;; This function uses a non-reentrant model
   744 ;;
   745                           
   746                           
   747                           ;psect for function _main
   748  0064                     _main:	
   749                           
   750                           ;main.c: 35: ConfigureOscillator();
   751                           
   752                           ;incstack = 0
   753                           ; Regs used in _main: [wreg-fsr0h+status,2+status,0+pclath+cstack]
   754  0064  118A  213F  118A   	fcall	_ConfigureOscillator
   755                           
   756                           ;main.c: 37: initUart();
   757  0067  118A  20E4  118A   	fcall	_initUart
   758                           
   759                           ;main.c: 42: TRISC = 0x0;
   760  006A  1683               	bsf	3,5	;RP0=1, select bank1
   761  006B  1303               	bcf	3,6	;RP1=0, select bank1
   762  006C  0187               	clrf	7	;volatile
   763                           
   764                           ;main.c: 43: PORTC = 0x0;
   765  006D  1283               	bcf	3,5	;RP0=0, select bank0
   766  006E  1303               	bcf	3,6	;RP1=0, select bank0
   767  006F  0187               	clrf	7	;volatile
   768                           
   769                           ;main.c: 46: char * string;
   770                           ;main.c: 47: strcpy(string, "end of line\n");
   771  0070  303A               	movlw	(STR_1-__stringbase)& (0+255)
   772  0071  00AA               	movwf	??_main
   773  0072  082A               	movf	??_main,w
   774  0073  00F5               	movwf	strcpy@from
   775  0074  082F               	movf	main@string,w
   776  0075  118A  2105  118A   	fcall	_strcpy
   777                           
   778                           ;main.c: 49: int j=1;
   779  0078  3001               	movlw	1
   780  0079  1283               	bcf	3,5	;RP0=0, select bank0
   781  007A  1303               	bcf	3,6	;RP1=0, select bank0
   782  007B  00AD               	movwf	main@j
   783  007C  3000               	movlw	0
   784  007D  00AE               	movwf	main@j+1
   785  007E                     l1457:	
   786                           ;main.c: 51: while(1)
   787                           
   788                           
   789                           ;main.c: 52: {
   790                           ;main.c: 54: _delay((unsigned long)((500)*(8000000L/4000.0)));
   791  007E  3006               	movlw	6
   792  007F  1283               	bcf	3,5	;RP0=0, select bank0
   793  0080  1303               	bcf	3,6	;RP1=0, select bank0
   794  0081  00AC               	movwf	??_main+2
   795  0082  3013               	movlw	19
   796  0083  00AB               	movwf	??_main+1
   797  0084  30B1               	movlw	177
   798  0085  00AA               	movwf	??_main
   799  0086                     u287:	
   800  0086  0BAA               	decfsz	??_main,f
   801  0087  2886               	goto	u287
   802  0088  0BAB               	decfsz	??_main+1,f
   803  0089  2886               	goto	u287
   804  008A  0BAC               	decfsz	??_main+2,f
   805  008B  2886               	goto	u287
   806  008C  288D               	nop2
   807                           
   808                           ;main.c: 58: uart_printf(string);
   809  008D  1283               	bcf	3,5	;RP0=0, select bank0
   810  008E  1303               	bcf	3,6	;RP1=0, select bank0
   811  008F  082F               	movf	main@string,w
   812  0090  118A  2094  118A   	fcall	_uart_printf
   813  0093  287E               	goto	l1457
   814  0094                     __end_of_main:	
   815                           
   816                           	psect	text1
   817  0094                     __ptext1:	
   818 ;; *************** function _uart_printf *****************
   819 ;; Defined at:
   820 ;;		line 32 in file "UART.c"
   821 ;; Parameters:    Size  Location     Type
   822 ;;  string          1    wreg     PTR unsigned char 
   823 ;; Auto vars:     Size  Location     Type
   824 ;;  string          1    7[BANK0 ] PTR unsigned char 
   825 ;;  i               2    8[BANK0 ] int 
   826 ;; Return value:  Size  Location     Type
   827 ;;		None               void
   828 ;; Registers used:
   829 ;;		wreg, fsr0l, fsr0h, status,2, status,0, pclath, cstack
   830 ;; Tracked objects:
   831 ;;		On entry : 0/0
   832 ;;		On exit  : 0/0
   833 ;;		Unchanged: 0/0
   834 ;; Data sizes:     COMMON   BANK0   BANK1   BANK2
   835 ;;      Params:         0       0       0       0
   836 ;;      Locals:         0       3       0       0
   837 ;;      Temps:          0       1       0       0
   838 ;;      Totals:         0       4       0       0
   839 ;;Total ram usage:        4 bytes
   840 ;; Hardware stack levels used:    1
   841 ;; Hardware stack levels required when called:    3
   842 ;; This function calls:
   843 ;;		_strlen
   844 ;;		_uart_putc
   845 ;; This function is called by:
   846 ;;		_main
   847 ;; This function uses a non-reentrant model
   848 ;;
   849                           
   850                           
   851                           ;psect for function _uart_printf
   852  0094                     _uart_printf:	
   853                           
   854                           ;incstack = 0
   855                           ; Regs used in _uart_printf: [wreg-fsr0h+status,2+status,0+pclath+cstack]
   856                           ;uart_printf@string stored from wreg
   857  0094  1283               	bcf	3,5	;RP0=0, select bank0
   858  0095  1303               	bcf	3,6	;RP1=0, select bank0
   859  0096  00A7               	movwf	uart_printf@string
   860                           
   861                           ;UART.c: 33: int i = 0;
   862  0097  01A8               	clrf	uart_printf@i
   863  0098  01A9               	clrf	uart_printf@i+1
   864                           
   865                           ;UART.c: 34: for (i=0; i<strlen(string); i++){
   866  0099  01A8               	clrf	uart_printf@i
   867  009A  01A9               	clrf	uart_printf@i+1
   868  009B                     l1445:	
   869  009B  0827               	movf	uart_printf@string,w
   870  009C  118A  20BC  118A   	fcall	_strlen
   871  009F  0876               	movf	?_strlen+1,w
   872  00A0  1283               	bcf	3,5	;RP0=0, select bank0
   873  00A1  1303               	bcf	3,6	;RP1=0, select bank0
   874  00A2  0229               	subwf	uart_printf@i+1,w
   875  00A3  1D03               	skipz
   876  00A4  28A7               	goto	u275
   877  00A5  0875               	movf	?_strlen,w
   878  00A6  0228               	subwf	uart_printf@i,w
   879  00A7                     u275:	
   880  00A7  1803               	btfsc	3,0
   881  00A8  0008               	return
   882                           
   883                           ;UART.c: 35: uart_putc(string[i]);
   884  00A9  0828               	movf	uart_printf@i,w
   885  00AA  0727               	addwf	uart_printf@string,w
   886  00AB  00A6               	movwf	??_uart_printf
   887  00AC  0826               	movf	??_uart_printf,w
   888  00AD  0084               	movwf	4
   889  00AE  1383               	bcf	3,7	;select IRP bank0
   890  00AF  0800               	movf	0,w
   891  00B0  118A  2155  118A   	fcall	_uart_putc
   892  00B3  3001               	movlw	1
   893  00B4  1283               	bcf	3,5	;RP0=0, select bank0
   894  00B5  1303               	bcf	3,6	;RP1=0, select bank0
   895  00B6  07A8               	addwf	uart_printf@i,f
   896  00B7  1803               	skipnc
   897  00B8  0AA9               	incf	uart_printf@i+1,f
   898  00B9  3000               	movlw	0
   899  00BA  07A9               	addwf	uart_printf@i+1,f
   900  00BB  289B               	goto	l1445
   901  00BC                     __end_of_uart_printf:	
   902                           
   903                           	psect	text2
   904  0155                     __ptext2:	
   905 ;; *************** function _uart_putc *****************
   906 ;; Defined at:
   907 ;;		line 24 in file "UART.c"
   908 ;; Parameters:    Size  Location     Type
   909 ;;  data            1    wreg     unsigned char 
   910 ;; Auto vars:     Size  Location     Type
   911 ;;  data            1    5[COMMON] unsigned char 
   912 ;; Return value:  Size  Location     Type
   913 ;;		None               void
   914 ;; Registers used:
   915 ;;		wreg
   916 ;; Tracked objects:
   917 ;;		On entry : 0/0
   918 ;;		On exit  : 0/0
   919 ;;		Unchanged: 0/0
   920 ;; Data sizes:     COMMON   BANK0   BANK1   BANK2
   921 ;;      Params:         0       0       0       0
   922 ;;      Locals:         1       0       0       0
   923 ;;      Temps:          0       0       0       0
   924 ;;      Totals:         1       0       0       0
   925 ;;Total ram usage:        1 bytes
   926 ;; Hardware stack levels used:    1
   927 ;; Hardware stack levels required when called:    2
   928 ;; This function calls:
   929 ;;		Nothing
   930 ;; This function is called by:
   931 ;;		_uart_printf
   932 ;; This function uses a non-reentrant model
   933 ;;
   934                           
   935                           
   936                           ;psect for function _uart_putc
   937  0155                     _uart_putc:	
   938                           
   939                           ;incstack = 0
   940                           ; Regs used in _uart_putc: [wreg]
   941                           ;uart_putc@data stored from wreg
   942  0155  00F5               	movwf	uart_putc@data
   943  0156                     l114:	
   944                           ;UART.c: 26: continue;
   945                           
   946                           ;UART.c: 25: while( ! TXIF)
   947                           
   948  0156  1283               	bcf	3,5	;RP0=0, select bank0
   949  0157  1303               	bcf	3,6	;RP1=0, select bank0
   950  0158  1E0C               	btfss	12,4	;volatile
   951  0159  2956               	goto	l114
   952                           
   953                           ;UART.c: 27: TXREG = data;
   954  015A  0875               	movf	uart_putc@data,w
   955  015B  0099               	movwf	25	;volatile
   956  015C  0008               	return
   957  015D                     __end_of_uart_putc:	
   958                           
   959                           	psect	text3
   960  00BC                     __ptext3:	
   961 ;; *************** function _strlen *****************
   962 ;; Defined at:
   963 ;;		line 4 in file "C:\CAE_tools\Microchip\xc8\v1.31\sources\common\strlen.c"
   964 ;; Parameters:    Size  Location     Type
   965 ;;  s               1    wreg     PTR const unsigned char 
   966 ;; Auto vars:     Size  Location     Type
   967 ;;  s               1    4[BANK0 ] PTR const unsigned char 
   968 ;;  cp              1    5[BANK0 ] PTR const unsigned char 
   969 ;; Return value:  Size  Location     Type
   970 ;;                  2    5[COMMON] unsigned int 
   971 ;; Registers used:
   972 ;;		wreg, fsr0l, fsr0h, status,2, status,0
   973 ;; Tracked objects:
   974 ;;		On entry : 0/0
   975 ;;		On exit  : 0/0
   976 ;;		Unchanged: 0/0
   977 ;; Data sizes:     COMMON   BANK0   BANK1   BANK2
   978 ;;      Params:         2       0       0       0
   979 ;;      Locals:         0       2       0       0
   980 ;;      Temps:          0       4       0       0
   981 ;;      Totals:         2       6       0       0
   982 ;;Total ram usage:        8 bytes
   983 ;; Hardware stack levels used:    1
   984 ;; Hardware stack levels required when called:    2
   985 ;; This function calls:
   986 ;;		Nothing
   987 ;; This function is called by:
   988 ;;		_uart_printf
   989 ;; This function uses a non-reentrant model
   990 ;;
   991                           
   992                           
   993                           ;psect for function _strlen
   994  00BC                     _strlen:	
   995                           
   996                           ;incstack = 0
   997                           ; Regs used in _strlen: [wreg-fsr0h+status,2+status,0]
   998                           ;strlen@s stored from wreg
   999  00BC  1283               	bcf	3,5	;RP0=0, select bank0
  1000  00BD  1303               	bcf	3,6	;RP1=0, select bank0
  1001  00BE  00A4               	movwf	strlen@s
  1002  00BF  0824               	movf	strlen@s,w
  1003  00C0  00A0               	movwf	??_strlen
  1004  00C1  0820               	movf	??_strlen,w
  1005  00C2  00A5               	movwf	strlen@cp
  1006  00C3                     l1427:	
  1007  00C3  0825               	movf	strlen@cp,w
  1008  00C4  0084               	movwf	4
  1009  00C5  1383               	bcf	3,7	;select IRP bank0
  1010  00C6  0880               	movf	0,f
  1011  00C7  1903               	btfsc	3,2
  1012  00C8  28CE               	goto	l1429
  1013  00C9  3001               	movlw	1
  1014  00CA  00A0               	movwf	??_strlen
  1015  00CB  0820               	movf	??_strlen,w
  1016  00CC  07A5               	addwf	strlen@cp,f
  1017  00CD  28C3               	goto	l1427
  1018  00CE                     l1429:	
  1019  00CE  0824               	movf	strlen@s,w
  1020  00CF  00A0               	movwf	??_strlen
  1021  00D0  3000               	movlw	0
  1022  00D1  00A1               	movwf	??_strlen+1
  1023  00D2  09A0               	comf	??_strlen,f
  1024  00D3  09A1               	comf	??_strlen+1,f
  1025  00D4  0AA0               	incf	??_strlen,f
  1026  00D5  1903               	skipnz
  1027  00D6  0AA1               	incf	??_strlen+1,f
  1028  00D7  0825               	movf	strlen@cp,w
  1029  00D8  00A2               	movwf	??_strlen+2
  1030  00D9  3000               	movlw	0
  1031  00DA  00A3               	movwf	??_strlen+3
  1032  00DB  0820               	movf	??_strlen,w
  1033  00DC  0722               	addwf	??_strlen+2,w
  1034  00DD  00F5               	movwf	?_strlen
  1035  00DE  0821               	movf	??_strlen+1,w
  1036  00DF  1803               	skipnc
  1037  00E0  0A21               	incf	??_strlen+1,w
  1038  00E1  0723               	addwf	??_strlen+3,w
  1039  00E2  00F6               	movwf	?_strlen+1
  1040  00E3  0008               	return
  1041  00E4                     __end_of_strlen:	
  1042                           
  1043                           	psect	text4
  1044  0105                     __ptext4:	
  1045 ;; *************** function _strcpy *****************
  1046 ;; Defined at:
  1047 ;;		line 8 in file "C:\CAE_tools\Microchip\xc8\v1.31\sources\common\strcpy.c"
  1048 ;; Parameters:    Size  Location     Type
  1049 ;;  to              1    wreg     PTR unsigned char 
  1050 ;;  from            1    5[COMMON] PTR const unsigned char 
  1051 ;;		 -> STR_1(13), 
  1052 ;; Auto vars:     Size  Location     Type
  1053 ;;  to              1    0[BANK0 ] PTR unsigned char 
  1054 ;;  cp              1    1[BANK0 ] PTR unsigned char 
  1055 ;; Return value:  Size  Location     Type
  1056 ;;                  2    5[COMMON] PTR unsigned char 
  1057 ;; Registers used:
  1058 ;;		wreg, fsr0l, fsr0h, status,2, status,0, pclath
  1059 ;; Tracked objects:
  1060 ;;		On entry : 0/0
  1061 ;;		On exit  : 0/0
  1062 ;;		Unchanged: 0/0
  1063 ;; Data sizes:     COMMON   BANK0   BANK1   BANK2
  1064 ;;      Params:         1       0       0       0
  1065 ;;      Locals:         0       2       0       0
  1066 ;;      Temps:          1       0       0       0
  1067 ;;      Totals:         2       2       0       0
  1068 ;;Total ram usage:        4 bytes
  1069 ;; Hardware stack levels used:    1
  1070 ;; Hardware stack levels required when called:    2
  1071 ;; This function calls:
  1072 ;;		Nothing
  1073 ;; This function is called by:
  1074 ;;		_main
  1075 ;; This function uses a non-reentrant model
  1076 ;;
  1077                           
  1078                           
  1079                           ;psect for function _strcpy
  1080  0105                     _strcpy:	
  1081                           
  1082                           ;incstack = 0
  1083                           ; Regs used in _strcpy: [wreg-fsr0h+status,2+status,0+pclath]
  1084                           ;strcpy@to stored from wreg
  1085  0105  1283               	bcf	3,5	;RP0=0, select bank0
  1086  0106  1303               	bcf	3,6	;RP1=0, select bank0
  1087  0107  00A0               	movwf	strcpy@to
  1088  0108  0820               	movf	strcpy@to,w
  1089  0109  00F6               	movwf	??_strcpy
  1090  010A  0876               	movf	??_strcpy,w
  1091  010B  00A1               	movwf	strcpy@cp
  1092  010C                     l1437:	
  1093  010C  0875               	movf	strcpy@from,w
  1094  010D  0084               	movwf	4
  1095  010E  118A  2018  118A   	fcall	stringdir
  1096  0111  00F6               	movwf	??_strcpy
  1097  0112  0821               	movf	strcpy@cp,w
  1098  0113  0084               	movwf	4
  1099  0114  0876               	movf	??_strcpy,w
  1100  0115  1383               	bcf	3,7	;select IRP bank0
  1101  0116  0080               	movwf	0
  1102  0117  0880               	movf	0,f
  1103  0118  1903               	btfsc	3,2
  1104  0119  0008               	return
  1105  011A  3001               	movlw	1
  1106  011B  00F6               	movwf	??_strcpy
  1107  011C  0876               	movf	??_strcpy,w
  1108  011D  07A1               	addwf	strcpy@cp,f
  1109  011E  3001               	movlw	1
  1110  011F  00F6               	movwf	??_strcpy
  1111  0120  0876               	movf	??_strcpy,w
  1112  0121  07F5               	addwf	strcpy@from,f
  1113  0122  290C               	goto	l1437
  1114  0123                     __end_of_strcpy:	
  1115                           ;	Return value of _strcpy is never used
  1116                           
  1117                           
  1118                           	psect	text5
  1119  00E4                     __ptext5:	
  1120 ;; *************** function _initUart *****************
  1121 ;; Defined at:
  1122 ;;		line 43 in file "system.c"
  1123 ;; Parameters:    Size  Location     Type
  1124 ;;		None
  1125 ;; Auto vars:     Size  Location     Type
  1126 ;;		None
  1127 ;; Return value:  Size  Location     Type
  1128 ;;		None               void
  1129 ;; Registers used:
  1130 ;;		wreg, status,2
  1131 ;; Tracked objects:
  1132 ;;		On entry : 0/0
  1133 ;;		On exit  : 0/0
  1134 ;;		Unchanged: 0/0
  1135 ;; Data sizes:     COMMON   BANK0   BANK1   BANK2
  1136 ;;      Params:         0       0       0       0
  1137 ;;      Locals:         0       0       0       0
  1138 ;;      Temps:          0       0       0       0
  1139 ;;      Totals:         0       0       0       0
  1140 ;;Total ram usage:        0 bytes
  1141 ;; Hardware stack levels used:    1
  1142 ;; Hardware stack levels required when called:    2
  1143 ;; This function calls:
  1144 ;;		Nothing
  1145 ;; This function is called by:
  1146 ;;		_main
  1147 ;; This function uses a non-reentrant model
  1148 ;;
  1149                           
  1150                           
  1151                           ;psect for function _initUart
  1152  00E4                     _initUart:	
  1153                           
  1154                           ;system.c: 46: INTCONbits.GIE = 1;
  1155                           
  1156                           ;incstack = 0
  1157                           ; Regs used in _initUart: [wreg+status,2]
  1158  00E4  178B               	bsf	11,7	;volatile
  1159                           
  1160                           ;system.c: 47: INTCONbits.PEIE =1;
  1161  00E5  170B               	bsf	11,6	;volatile
  1162                           
  1163                           ;system.c: 48: PIE1bits.RCIE =1;
  1164  00E6  1683               	bsf	3,5	;RP0=1, select bank1
  1165  00E7  1303               	bcf	3,6	;RP1=0, select bank1
  1166  00E8  168C               	bsf	12,5	;volatile
  1167                           
  1168                           ;system.c: 50: TXSTAbits.TXEN = 0;
  1169  00E9  1298               	bcf	24,5	;volatile
  1170                           
  1171                           ;system.c: 55: SPBRG = 12;
  1172  00EA  300C               	movlw	12
  1173  00EB  0099               	movwf	25	;volatile
  1174                           
  1175                           ;system.c: 56: SPBRGH = 0x00;
  1176  00EC  019A               	clrf	26	;volatile
  1177                           
  1178                           ;system.c: 58: ANSEL =0;
  1179  00ED  1283               	bcf	3,5	;RP0=0, select bank2
  1180  00EE  1703               	bsf	3,6	;RP1=1, select bank2
  1181  00EF  019E               	clrf	30	;volatile
  1182                           
  1183                           ;system.c: 59: ANSELH= 0;
  1184  00F0  019F               	clrf	31	;volatile
  1185                           
  1186                           ;system.c: 62: TRISBbits.TRISB5 = 1;
  1187  00F1  1683               	bsf	3,5	;RP0=1, select bank1
  1188  00F2  1303               	bcf	3,6	;RP1=0, select bank1
  1189  00F3  1686               	bsf	6,5	;volatile
  1190                           
  1191                           ;system.c: 63: TRISBbits.TRISB7 = 0;
  1192  00F4  1386               	bcf	6,7	;volatile
  1193                           
  1194                           ;system.c: 68: TXSTAbits.TX9 = 0;
  1195  00F5  1318               	bcf	24,6	;volatile
  1196                           
  1197                           ;system.c: 71: TXSTAbits.SYNC = 0;
  1198  00F6  1218               	bcf	24,4	;volatile
  1199                           
  1200                           ;system.c: 72: TXREG = 0;
  1201  00F7  1283               	bcf	3,5	;RP0=0, select bank0
  1202  00F8  1303               	bcf	3,6	;RP1=0, select bank0
  1203  00F9  0199               	clrf	25	;volatile
  1204                           
  1205                           ;system.c: 75: TXSTAbits.BRGH = 0;
  1206  00FA  1683               	bsf	3,5	;RP0=1, select bank1
  1207  00FB  1303               	bcf	3,6	;RP1=0, select bank1
  1208  00FC  1118               	bcf	24,2	;volatile
  1209                           
  1210                           ;system.c: 76: BAUDCTLbits.BRG16 = 0;
  1211  00FD  119B               	bcf	27,3	;volatile
  1212                           
  1213                           ;system.c: 78: BAUDCTLbits.ABDEN = 0;
  1214  00FE  101B               	bcf	27,0	;volatile
  1215                           
  1216                           ;system.c: 83: TXSTAbits.TXEN = 1;
  1217  00FF  1698               	bsf	24,5	;volatile
  1218                           
  1219                           ;system.c: 84: RCSTAbits.CREN = 1;
  1220  0100  1283               	bcf	3,5	;RP0=0, select bank0
  1221  0101  1303               	bcf	3,6	;RP1=0, select bank0
  1222  0102  1618               	bsf	24,4	;volatile
  1223                           
  1224                           ;system.c: 85: RCSTAbits.SPEN = 1;
  1225  0103  1798               	bsf	24,7	;volatile
  1226  0104  0008               	return
  1227  0105                     __end_of_initUart:	
  1228                           
  1229                           	psect	text6
  1230  013F                     __ptext6:	
  1231 ;; *************** function _ConfigureOscillator *****************
  1232 ;; Defined at:
  1233 ;;		line 18 in file "system.c"
  1234 ;; Parameters:    Size  Location     Type
  1235 ;;		None
  1236 ;; Auto vars:     Size  Location     Type
  1237 ;;		None
  1238 ;; Return value:  Size  Location     Type
  1239 ;;		None               void
  1240 ;; Registers used:
  1241 ;;		wreg, status,2, status,0
  1242 ;; Tracked objects:
  1243 ;;		On entry : 0/0
  1244 ;;		On exit  : 0/0
  1245 ;;		Unchanged: 0/0
  1246 ;; Data sizes:     COMMON   BANK0   BANK1   BANK2
  1247 ;;      Params:         0       0       0       0
  1248 ;;      Locals:         0       0       0       0
  1249 ;;      Temps:          0       0       0       0
  1250 ;;      Totals:         0       0       0       0
  1251 ;;Total ram usage:        0 bytes
  1252 ;; Hardware stack levels used:    1
  1253 ;; Hardware stack levels required when called:    2
  1254 ;; This function calls:
  1255 ;;		Nothing
  1256 ;; This function is called by:
  1257 ;;		_main
  1258 ;; This function uses a non-reentrant model
  1259 ;;
  1260                           
  1261                           
  1262                           ;psect for function _ConfigureOscillator
  1263  013F                     _ConfigureOscillator:	
  1264                           
  1265                           ;system.c: 22: OSCCONbits.SCS=0x1;
  1266                           
  1267                           ;incstack = 0
  1268                           ; Regs used in _ConfigureOscillator: [wreg+status,2+status,0]
  1269  013F  1683               	bsf	3,5	;RP0=1, select bank1
  1270  0140  1303               	bcf	3,6	;RP1=0, select bank1
  1271  0141  140F               	bsf	15,0	;volatile
  1272                           
  1273                           ;system.c: 23: OSCCONbits.IRCF=0x7;
  1274  0142  3070               	movlw	112
  1275  0143  048F               	iorwf	15,f	;volatile
  1276                           
  1277                           ;system.c: 26: OPTION_REGbits.T0CS = 0;
  1278  0144  1281               	bcf	1,5	;volatile
  1279                           
  1280                           ;system.c: 28: OPTION_REGbits.PSA = 0;
  1281  0145  1181               	bcf	1,3	;volatile
  1282                           
  1283                           ;system.c: 30: OPTION_REGbits.PS = 0x7;
  1284  0146  3007               	movlw	7
  1285  0147  0481               	iorwf	1,f	;volatile
  1286  0148                     l64:	
  1287                           ;system.c: 36: {
  1288                           ;system.c: 37: ;
  1289                           
  1290                           ;system.c: 35: while(OSCCONbits.HTS==0)
  1291                           
  1292  0148  190F               	btfsc	15,2	;volatile
  1293  0149  0008               	return
  1294  014A  2948               	goto	l64
  1295  014B                     __end_of_ConfigureOscillator:	
  1296                           
  1297                           	psect	text7
  1298  0123                     __ptext7:	
  1299 ;; *************** function _isr *****************
  1300 ;; Defined at:
  1301 ;;		line 24 in file "interrupts.c"
  1302 ;; Parameters:    Size  Location     Type
  1303 ;;		None
  1304 ;; Auto vars:     Size  Location     Type
  1305 ;;		None
  1306 ;; Return value:  Size  Location     Type
  1307 ;;		None               void
  1308 ;; Registers used:
  1309 ;;		wreg, status,2, status,0, pclath, cstack
  1310 ;; Tracked objects:
  1311 ;;		On entry : 0/0
  1312 ;;		On exit  : 0/0
  1313 ;;		Unchanged: 0/0
  1314 ;; Data sizes:     COMMON   BANK0   BANK1   BANK2
  1315 ;;      Params:         0       0       0       0
  1316 ;;      Locals:         0       0       0       0
  1317 ;;      Temps:          4       0       0       0
  1318 ;;      Totals:         4       0       0       0
  1319 ;;Total ram usage:        4 bytes
  1320 ;; Hardware stack levels used:    1
  1321 ;; Hardware stack levels required when called:    1
  1322 ;; This function calls:
  1323 ;;		_uart_getc
  1324 ;;		i1_uart_putc
  1325 ;; This function is called by:
  1326 ;;		Interrupt level 1
  1327 ;; This function uses a non-reentrant model
  1328 ;;
  1329                           
  1330                           
  1331                           ;psect for function _isr
  1332  0123                     _isr:	
  1333                           
  1334                           ;interrupts.c: 31: if (PIR1bits.RCIF)
  1335  0123  1E8C               	btfss	12,5	;volatile
  1336  0124  2932               	goto	i1l15
  1337                           
  1338                           ;interrupts.c: 32: {
  1339                           ;interrupts.c: 33: PORTC = 0xFF;
  1340  0125  30FF               	movlw	255
  1341  0126  0087               	movwf	7	;volatile
  1342                           
  1343                           ;interrupts.c: 34: if (RCSTAbits.OERR)
  1344  0127  1C98               	btfss	24,1	;volatile
  1345  0128  292C               	goto	i1l1407
  1346                           
  1347                           ;interrupts.c: 35: {
  1348                           ;interrupts.c: 36: RCSTAbits.CREN = 0;
  1349  0129  1218               	bcf	24,4	;volatile
  1350                           
  1351                           ;interrupts.c: 37: RCSTAbits.CREN = 1;
  1352  012A  1618               	bsf	24,4	;volatile
  1353                           
  1354                           ;interrupts.c: 38: return;
  1355  012B  2932               	goto	i1l15
  1356  012C                     i1l1407:	
  1357                           
  1358                           ;interrupts.c: 39: }
  1359                           ;interrupts.c: 40: uart_putc(uart_getc());
  1360  012C  118A  214B  118A   	fcall	_uart_getc
  1361  012F  118A  215D  118A   	fcall	i1_uart_putc
  1362  0132                     i1l15:	
  1363  0132  0874               	movf	??_isr+3,w
  1364  0133  1283               	bcf	3,5	;RP0=0, select bank0
  1365  0134  1303               	bcf	3,6	;RP1=0, select bank0
  1366  0135  00FF               	movwf	127
  1367  0136  0873               	movf	??_isr+2,w
  1368  0137  008A               	movwf	10
  1369  0138  0872               	movf	??_isr+1,w
  1370  0139  0084               	movwf	4
  1371  013A  0E71               	swapf	??_isr^(0+-128),w
  1372  013B  0083               	movwf	3
  1373  013C  0EFE               	swapf	126,f
  1374  013D  0E7E               	swapf	126,w
  1375  013E  0009               	retfie
  1376  013F                     __end_of_isr:	
  1377                           
  1378                           	psect	intentry
  1379  0004                     __pintentry:	
  1380                           ;incstack = 0
  1381                           ; Regs used in _isr: [wreg+status,2+status,0+pclath+cstack]
  1382                           
  1383  0004                     interrupt_function:	
  1384  007E                     saved_w	set	btemp
  1385  0004  00FE               	movwf	btemp
  1386  0005  0E03               	swapf	3,w
  1387  0006  00F1               	movwf	??_isr
  1388  0007  0804               	movf	4,w
  1389  0008  00F2               	movwf	??_isr+1
  1390  0009  080A               	movf	10,w
  1391  000A  00F3               	movwf	??_isr+2
  1392  000B  1283               	bcf	3,5	;RP0=0, select bank0
  1393  000C  1303               	bcf	3,6	;RP1=0, select bank0
  1394  000D  087F               	movf	btemp+1,w
  1395  000E  00F4               	movwf	??_isr+3
  1396  000F  118A  2923         	ljmp	_isr
  1397                           
  1398                           	psect	text8
  1399  015D                     __ptext8:	
  1400 ;; *************** function i1_uart_putc *****************
  1401 ;; Defined at:
  1402 ;;		line 24 in file "UART.c"
  1403 ;; Parameters:    Size  Location     Type
  1404 ;;  data            1    wreg     unsigned char 
  1405 ;; Auto vars:     Size  Location     Type
  1406 ;;  data            1    0[COMMON] unsigned char 
  1407 ;; Return value:  Size  Location     Type
  1408 ;;		None               void
  1409 ;; Registers used:
  1410 ;;		wreg
  1411 ;; Tracked objects:
  1412 ;;		On entry : 0/0
  1413 ;;		On exit  : 0/0
  1414 ;;		Unchanged: 0/0
  1415 ;; Data sizes:     COMMON   BANK0   BANK1   BANK2
  1416 ;;      Params:         0       0       0       0
  1417 ;;      Locals:         1       0       0       0
  1418 ;;      Temps:          0       0       0       0
  1419 ;;      Totals:         1       0       0       0
  1420 ;;Total ram usage:        1 bytes
  1421 ;; Hardware stack levels used:    1
  1422 ;; This function calls:
  1423 ;;		Nothing
  1424 ;; This function is called by:
  1425 ;;		_isr
  1426 ;; This function uses a non-reentrant model
  1427 ;;
  1428                           
  1429                           
  1430                           ;psect for function i1_uart_putc
  1431  015D                     i1_uart_putc:	
  1432                           
  1433                           ;incstack = 0
  1434                           ; Regs used in i1_uart_putc: [wreg]
  1435                           ;i1uart_putc@data stored from wreg
  1436  015D  00F0               	movwf	i1uart_putc@data
  1437  015E                     i1l114:	
  1438                           ;UART.c: 26: continue;
  1439                           
  1440                           ;UART.c: 25: while( ! TXIF)
  1441                           
  1442  015E  1283               	bcf	3,5	;RP0=0, select bank0
  1443  015F  1303               	bcf	3,6	;RP1=0, select bank0
  1444  0160  1E0C               	btfss	12,4	;volatile
  1445  0161  295E               	goto	i1l114
  1446                           
  1447                           ;UART.c: 27: TXREG = data;
  1448  0162  0870               	movf	i1uart_putc@data,w
  1449  0163  0099               	movwf	25	;volatile
  1450  0164  0008               	return
  1451  0165                     __end_ofi1_uart_putc:	
  1452                           
  1453                           	psect	text9
  1454  014B                     __ptext9:	
  1455 ;; *************** function _uart_getc *****************
  1456 ;; Defined at:
  1457 ;;		line 39 in file "UART.c"
  1458 ;; Parameters:    Size  Location     Type
  1459 ;;		None
  1460 ;; Auto vars:     Size  Location     Type
  1461 ;;		None
  1462 ;; Return value:  Size  Location     Type
  1463 ;;                  1    wreg      unsigned char 
  1464 ;; Registers used:
  1465 ;;		wreg
  1466 ;; Tracked objects:
  1467 ;;		On entry : 0/0
  1468 ;;		On exit  : 0/0
  1469 ;;		Unchanged: 0/0
  1470 ;; Data sizes:     COMMON   BANK0   BANK1   BANK2
  1471 ;;      Params:         0       0       0       0
  1472 ;;      Locals:         0       0       0       0
  1473 ;;      Temps:          0       0       0       0
  1474 ;;      Totals:         0       0       0       0
  1475 ;;Total ram usage:        0 bytes
  1476 ;; Hardware stack levels used:    1
  1477 ;; This function calls:
  1478 ;;		Nothing
  1479 ;; This function is called by:
  1480 ;;		_isr
  1481 ;;		_uart_get_str
  1482 ;; This function uses a non-reentrant model
  1483 ;;
  1484                           
  1485                           
  1486                           ;psect for function _uart_getc
  1487  014B                     _uart_getc:	
  1488                           
  1489                           ;UART.c: 40: if (RCSTAbits.OERR){
  1490                           
  1491                           ;incstack = 0
  1492                           ; Regs used in _uart_getc: [wreg]
  1493  014B  1283               	bcf	3,5	;RP0=0, select bank0
  1494  014C  1303               	bcf	3,6	;RP1=0, select bank0
  1495  014D  1C98               	btfss	24,1	;volatile
  1496  014E  2951               	goto	i1l127
  1497                           
  1498                           ;UART.c: 41: RCSTAbits.CREN = 0;
  1499  014F  1218               	bcf	24,4	;volatile
  1500                           
  1501                           ;UART.c: 42: RCSTAbits.CREN = 1;
  1502  0150  1618               	bsf	24,4	;volatile
  1503  0151                     i1l127:	
  1504                           ;UART.c: 46: ;
  1505                           
  1506                           ;UART.c: 43: }
  1507                           ;UART.c: 45: while(!RCIF)
  1508                           
  1509  0151  1E8C               	btfss	12,5	;volatile
  1510  0152  2951               	goto	i1l127
  1511                           
  1512                           ;UART.c: 47: return RCREG;
  1513  0153  081A               	movf	26,w	;volatile
  1514  0154  0008               	return
  1515  0155                     __end_of_uart_getc:	
  1516  007E                     btemp	set	126	;btemp
  1517  007E                     wtemp	set	126
  1518  007E                     wtemp0	set	126
  1519  0080                     wtemp1	set	128
  1520  0082                     wtemp2	set	130
  1521  0084                     wtemp3	set	132
  1522  0086                     wtemp4	set	134
  1523  0088                     wtemp5	set	136
  1524  007F                     wtemp6	set	127
  1525  007E                     ttemp	set	126
  1526  007E                     ttemp0	set	126
  1527  0081                     ttemp1	set	129
  1528  0084                     ttemp2	set	132
  1529  0087                     ttemp3	set	135
  1530  007F                     ttemp4	set	127
  1531  007E                     ltemp	set	126
  1532  007E                     ltemp0	set	126
  1533  0082                     ltemp1	set	130
  1534  0086                     ltemp2	set	134
  1535  0080                     ltemp3	set	128


Data Sizes:
    Strings     13
    Constant    57
    Data        0
    BSS         2
    Persistent  0
    Stack       0

Auto Spaces:
    Space          Size  Autos    Used
    COMMON           14      7       9
    BANK0            80     16      16
    BANK1            80      0       0
    BANK2            80      0       0

Pointer List with Targets:

    strlen@s	PTR const unsigned char  size(1) Largest target is 0

    strlen@cp	PTR const unsigned char  size(1) Largest target is 0

    strcpy@from	PTR const unsigned char  size(1) Largest target is 13
		 -> STR_1(CODE[13]), 

    strcpy@to	PTR unsigned char  size(1) Largest target is 0

    strcpy@cp	PTR unsigned char  size(1) Largest target is 0

    uart_printf@string	PTR unsigned char  size(1) Largest target is 0

    sp__strcpy	PTR unsigned char  size(1) Largest target is 0


Critical Paths under _main in COMMON

    _main->_strcpy
    _uart_printf->_strlen

Critical Paths under _isr in COMMON

    _isr->i1_uart_putc

Critical Paths under _main in BANK0

    _main->_uart_printf
    _uart_printf->_strlen

Critical Paths under _isr in BANK0

    None.

Critical Paths under _main in BANK1

    None.

Critical Paths under _isr in BANK1

    None.

Critical Paths under _main in BANK2

    None.

Critical Paths under _isr in BANK2

    None.

Call Graph Tables:

 ---------------------------------------------------------------------------------
 (Depth) Function   	        Calls       Base Space   Used Autos Params    Refs
 ---------------------------------------------------------------------------------
 (0) _main                                                 6     6      0     614
                                             10 BANK0      6     6      0
                _ConfigureOscillator
                           _initUart
                             _strcpy
                        _uart_printf
 ---------------------------------------------------------------------------------
 (1) _uart_printf                                          4     4      0     345
                                              6 BANK0      4     4      0
                             _strlen
                          _uart_putc
 ---------------------------------------------------------------------------------
 (2) _uart_putc                                            1     1      0      22
                                              5 COMMON     1     1      0
 ---------------------------------------------------------------------------------
 (2) _strlen                                               8     6      2     160
                                              5 COMMON     2     0      2
                                              0 BANK0      6     6      0
 ---------------------------------------------------------------------------------
 (1) _strcpy                                               4     3      1     204
                                              5 COMMON     2     1      1
                                              0 BANK0      2     2      0
 ---------------------------------------------------------------------------------
 (1) _initUart                                             0     0      0       0
 ---------------------------------------------------------------------------------
 (1) _ConfigureOscillator                                  0     0      0       0
 ---------------------------------------------------------------------------------
 Estimated maximum stack depth 2
 ---------------------------------------------------------------------------------
 (Depth) Function   	        Calls       Base Space   Used Autos Params    Refs
 ---------------------------------------------------------------------------------
 (3) _isr                                                  4     4      0      22
                                              1 COMMON     4     4      0
                          _uart_getc
                        i1_uart_putc
 ---------------------------------------------------------------------------------
 (4) i1_uart_putc                                          1     1      0      22
                                              0 COMMON     1     1      0
 ---------------------------------------------------------------------------------
 (4) _uart_getc                                            0     0      0       0
 ---------------------------------------------------------------------------------
 Estimated maximum stack depth 4
 ---------------------------------------------------------------------------------

 Call Graph Graphs:

 _main (ROOT)
   _ConfigureOscillator
   _initUart
   _strcpy
   _uart_printf
     _strlen
     _uart_putc

 _isr (ROOT)
   _uart_getc
   i1_uart_putc

 Address spaces:
Name               Size   Autos  Total    Cost      Usage
BITCOMMON            E      0       0       0        0.0%
EEDATA             100      0       0       0        0.0%
NULL                 0      0       0       0        0.0%
CODE                 0      0       0       0        0.0%
COMMON               E      7       9       1       64.3%
BITSFR0              0      0       0       1        0.0%
SFR0                 0      0       0       1        0.0%
BITSFR1              0      0       0       2        0.0%
SFR1                 0      0       0       2        0.0%
STACK                0      0       0       2        0.0%
BANK0               50     10      10       3       20.0%
BITBANK1            50      0       0       4        0.0%
BITSFR3              0      0       0       4        0.0%
SFR3                 0      0       0       4        0.0%
BANK1               50      0       0       5        0.0%
BITSFR2              0      0       0       5        0.0%
SFR2                 0      0       0       5        0.0%
BITBANK2            50      0       0       6        0.0%
BANK2               50      0       0       7        0.0%
ABS                  0      0      19       8        0.0%
BITBANK0            50      0       0       9        0.0%
DATA                 0      0      19      10        0.0%


Microchip Technology PIC Macro Assembler V1.31 build 56723 
Symbol Table                                                                                   Wed Jun 11 23:37:14 2014

                           pc 0002           __end_ofi1_uart_putc 0165                   __CFG_CP$OFF 0000  
                          l64 0148                            fsr 0004                           l114 0156  
                __CFG_CPD$OFF 0000                           u275 00A7                           u287 0086  
                         _isr 0123                           fsr0 0004                           indf 0000  
                __CFG_IESO$ON 0000                          l1427 00C3                          l1437 010C  
                        l1429 00CE                          l1445 009B                          l1457 007E  
                        ?_isr 0070                          STR_1 0057                          i1l15 0132  
                        _RCIF 0065                          _TMR0 0001                          _TXIF 0064  
               __CFG_FCMEN$ON 0000                          _main 0064                          btemp 007E  
               __CFG_BOREN$ON 0000                          ltemp 007E                          start 0011  
                        ttemp 007E                          wtemp 007E                 __CFG_MCLRE$ON 0000  
                       ??_isr 0071                         ?_main 0070                 __CFG_WDTE$OFF 0000  
                       _ANSEL 011E                         i1l114 015E                         i1l127 0151  
                       _RCREG 001A                         _SPBRG 0099                         _PORTC 0007  
                       _TRISC 0087                         _TXREG 0019           _ConfigureOscillator 013F  
                       _errno 0077                         main@j 002D                         pclath 000A  
                       ltemp0 007E                         ltemp1 0082                         ltemp2 0086  
                       ltemp3 0080                         ttemp0 007E                         ttemp1 0081  
                       ttemp2 0084                         ttemp3 0087                         ttemp4 007F  
                       status 0003                         wtemp0 007E                         wtemp1 0080  
                       wtemp2 0082                         wtemp3 0084                         wtemp4 0086  
                       wtemp5 0088                         wtemp6 007F                   i1_uart_putc 015D  
        ?_ConfigureOscillator 0070               i1uart_putc@data 0070               __initialization 0013  
                __end_of_main 0094                        ??_main 002A                        _ANSELH 011F  
                      i1l1407 012C                        _SPBRGH 009A         ??_ConfigureOscillator 0075  
              __CFG_PWRTE$OFF 0000              __end_of_initUart 0105                        _strcpy 0105  
                      _strlen 00BC                  ?_uart_printf 0070                        saved_w 007E  
            __end_ofexp@coeff 003C              __end_oflog@coeff 0057       __end_of__initialization 0015  
              __pcstackCOMMON 0070                _OPTION_REGbits 0081                    __pmaintext 0064  
                  __pintentry 0004                       ?_strcpy 0075                       ?_strlen 0075  
          __size_of_uart_getc 000A            __size_of_uart_putc 0008                    __stringtab 0018  
                   ?_initUart 0070                  ?i1_uart_putc 0070                       __ptext1 0094  
                     __ptext2 0155                       __ptext3 00BC                       __ptext4 0105  
                     __ptext5 00E4                       __ptext6 013F                       __ptext7 0123  
                     __ptext8 015D                       __ptext9 014B               __size_of_strcpy 001E  
             __size_of_strlen 0028                  __size_of_isr 001C          __size_of_uart_printf 0028  
        end_of_initialization 0015                    ??_initUart 0075             __end_of_uart_getc 0155  
           __end_of_uart_putc 015D                     _RCSTAbits 0018                       strlen@s 0024  
                   _TRISBbits 0086   __end_of_ConfigureOscillator 014B                     _TXSTAbits 0098  
                  main@string 002F                   _BAUDCTLbits 009B                __end_of_strcpy 0123  
              __end_of_strlen 00E4           start_initialization 0013                   __end_of_isr 013F  
        __size_ofi1_uart_putc 0008                      ??_strcpy 0076                      ??_strlen 0020  
                 __pbssCOMMON 0077                     ___latbits 0001                 __pcstackBANK0 0020  
         __end_of__stringdata 0064             __size_of_initUart 0021             uart_printf@string 0027  
                   __pstrings 0018             interrupt_function 0004                      _PIE1bits 008C  
                    _PIR1bits 000C                     _uart_getc 014B                     _uart_putc 0155  
                 __stringbase 001D                   __stringdata 0057                 ??_uart_printf 0026  
                  ?_uart_getc 0070                    ?_uart_putc 0070            __end_of__stringtab 001E  
         __end_of_uart_printf 00BC                    strcpy@from 0075                      _initUart 00E4  
               __size_of_main 0030  __size_of_ConfigureOscillator 000C                      exp@coeff 001E  
                    log@coeff 003C                    _INTCONbits 000B                      intlevel1 0000  
               ??i1_uart_putc 0070                     stringcode 0018                    _OSCCONbits 008F  
                 ??_uart_getc 0070                   ??_uart_putc 0075                      strcpy@cp 0021  
                    strlen@cp 0025                      strcpy@to 0020                   _uart_printf 0094  
                    stringdir 0018                      stringtab 0018            __CFG_FOSC$INTRCCLK 0000  
               uart_putc@data 0075                  uart_printf@i 0028  
